# JRE version: OpenJDK Runtime Environment Corretto-17.0.4.8.1 (17.0.4+8) (build 17.0.4+8-LTS)
# Java VM: OpenJDK 64-Bit Server VM Corretto-17.0.4.8.1 (17.0.4+8-LTS, mixed mode, sharing, tiered, compressed oops, compressed class ptrs, g1 gc, bsd-amd64)
GC Precious Log:
 CPUs: 12 total, 12 available
 Memory: 16384M
 Large Page Support: Disabled
 NUMA Support: Disabled
 Compressed Oops: Enabled (Zero based)
 Heap Region Size: 2M
 Heap Min Capacity: 8M
 Heap Initial Capacity: 256M
 Heap Max Capacity: 4G
 Pre-touch: Disabled
 Parallel Workers: 10
 Concurrent Workers: 3
 Concurrent Refinement Workers: 10
 Periodic GC: Disabled
Heap:
 garbage-first heap   total 83968K, used 60386K [0x0000000700000000, 0x0000000800000000)
  region size 2048K, 18 young (36864K), 2 survivors (4096K)
 Metaspace       used 56233K, committed 56704K, reserved 1105920K
  class space    used 7604K, committed 7808K, reserved 1048576K
GC Heap History (20 events):
Event: 0.675 GC heap after
{Heap after GC invocations=2 (full 0):
 garbage-first heap   total 266240K, used 9713K [0x0000000700000000, 0x0000000800000000)
  region size 2048K, 1 young (2048K), 1 survivors (2048K)
 Metaspace       used 8709K, committed 8896K, reserved 1064960K
  class space    used 1093K, committed 1152K, reserved 1048576K
}
Event: 1.060 GC heap before
{Heap before GC invocations=2 (full 0):
 garbage-first heap   total 266240K, used 91633K [0x0000000700000000, 0x0000000800000000)
  region size 2048K, 43 young (88064K), 1 survivors (2048K)
 Metaspace       used 21280K, committed 21504K, reserved 1073152K
  class space    used 2578K, committed 2688K, reserved 1048576K
}
Event: 1.063 GC heap after
{Heap after GC invocations=3 (full 0):
 garbage-first heap   total 266240K, used 12388K [0x0000000700000000, 0x0000000800000000)
  region size 2048K, 3 young (6144K), 3 survivors (6144K)
 Metaspace       used 21280K, committed 21504K, reserved 1073152K
  class space    used 2578K, committed 2688K, reserved 1048576K
}
Event: 1.315 GC heap before
{Heap before GC invocations=4 (full 0):
 garbage-first heap   total 69632K, used 53348K [0x0000000700000000, 0x0000000800000000)
  region size 2048K, 24 young (49152K), 3 survivors (6144K)
 Metaspace       used 25332K, committed 25536K, reserved 1073152K
  class space    used 3081K, committed 3200K, reserved 1048576K
}
Event: 1.321 GC heap after
{Heap after GC invocations=5 (full 0):
 garbage-first heap   total 69632K, used 15518K [0x0000000700000000, 0x0000000800000000)
  region size 2048K, 4 young (8192K), 4 survivors (8192K)
 Metaspace       used 25332K, committed 25536K, reserved 1073152K
  class space    used 3081K, committed 3200K, reserved 1048576K
}
Event: 1.592 GC heap before
{Heap before GC invocations=5 (full 0):
 garbage-first heap   total 69632K, used 46238K [0x0000000700000000, 0x0000000800000000)
  region size 2048K, 19 young (38912K), 4 survivors (8192K)
 Metaspace       used 28855K, committed 29056K, reserved 1081344K
  class space    used 3635K, committed 3712K, reserved 1048576K
}
Event: 1.598 GC heap after
{Heap after GC invocations=6 (full 0):
 garbage-first heap   total 69632K, used 16663K [0x0000000700000000, 0x0000000800000000)
  region size 2048K, 1 young (2048K), 1 survivors (2048K)
 Metaspace       used 28855K, committed 29056K, reserved 1081344K
  class space    used 3635K, committed 3712K, reserved 1048576K
}
Event: 1.912 GC heap before
{Heap before GC invocations=6 (full 0):
 garbage-first heap   total 69632K, used 47383K [0x0000000700000000, 0x0000000800000000)
  region size 2048K, 16 young (32768K), 1 survivors (2048K)
 Metaspace       used 32062K, committed 32320K, reserved 1081344K
  class space    used 4074K, committed 4224K, reserved 1048576K
}
Event: 1.915 GC heap after
{Heap after GC invocations=7 (full 0):
 garbage-first heap   total 69632K, used 17214K [0x0000000700000000, 0x0000000800000000)
  region size 2048K, 2 young (4096K), 2 survivors (4096K)
 Metaspace       used 32062K, committed 32320K, reserved 1081344K
  class space    used 4074K, committed 4224K, reserved 1048576K
}
Event: 2.120 GC heap before
{Heap before GC invocations=7 (full 0):
 garbage-first heap   total 69632K, used 35646K [0x0000000700000000, 0x0000000800000000)
  region size 2048K, 12 young (24576K), 2 survivors (4096K)
 Metaspace       used 35764K, committed 36096K, reserved 1081344K
  class space    used 4564K, committed 4736K, reserved 1048576K
}
Event: 2.125 GC heap after
{Heap after GC invocations=8 (full 0):
 garbage-first heap   total 69632K, used 18900K [0x0000000700000000, 0x0000000800000000)
  region size 2048K, 2 young (4096K), 2 survivors (4096K)
 Metaspace       used 35764K, committed 36096K, reserved 1081344K
  class space    used 4564K, committed 4736K, reserved 1048576K
}
Event: 2.342 GC heap before
{Heap before GC invocations=9 (full 0):
 garbage-first heap   total 69632K, used 49620K [0x0000000700000000, 0x0000000800000000)
  region size 2048K, 17 young (34816K), 2 survivors (4096K)
 Metaspace       used 40260K, committed 40576K, reserved 1089536K
  class space    used 5222K, committed 5376K, reserved 1048576K
}
Event: 2.348 GC heap after
{Heap after GC invocations=10 (full 0):
 garbage-first heap   total 69632K, used 19911K [0x0000000700000000, 0x0000000800000000)
  region size 2048K, 2 young (4096K), 2 survivors (4096K)
 Metaspace       used 40260K, committed 40576K, reserved 1089536K
  class space    used 5222K, committed 5376K, reserved 1048576K
}
Event: 2.648 GC heap before
{Heap before GC invocations=11 (full 0):
 garbage-first heap   total 69632K, used 50631K [0x0000000700000000, 0x0000000800000000)
  region size 2048K, 17 young (34816K), 2 survivors (4096K)
 Metaspace       used 43964K, committed 44352K, reserved 1089536K
  class space    used 5800K, committed 6016K, reserved 1048576K
}
Event: 2.656 GC heap after
{Heap after GC invocations=12 (full 0):
 garbage-first heap   total 69632K, used 22737K [0x0000000700000000, 0x0000000800000000)
  region size 2048K, 3 young (6144K), 3 survivors (6144K)
 Metaspace       used 43964K, committed 44352K, reserved 1089536K
  class space    used 5800K, committed 6016K, reserved 1048576K
}
Event: 2.929 GC heap before
{Heap before GC invocations=12 (full 0):
 garbage-first heap   total 69632K, used 49361K [0x0000000700000000, 0x0000000800000000)
  region size 2048K, 16 young (32768K), 3 survivors (6144K)
 Metaspace       used 46625K, committed 47040K, reserved 1097728K
  class space    used 6158K, committed 6336K, reserved 1048576K
}
Event: 2.938 GC heap after
{Heap after GC invocations=13 (full 0):
 garbage-first heap   total 83968K, used 25296K [0x0000000700000000, 0x0000000800000000)
  region size 2048K, 2 young (4096K), 2 survivors (4096K)
 Metaspace       used 46625K, committed 47040K, reserved 1097728K
  class space    used 6158K, committed 6336K, reserved 1048576K
}
Event: 3.346 GC heap before
{Heap before GC invocations=13 (full 0):
 garbage-first heap   total 83968K, used 60112K [0x0000000700000000, 0x0000000800000000)
  region size 2048K, 19 young (38912K), 2 survivors (4096K)
 Metaspace       used 51132K, committed 51584K, reserved 1097728K
  class space    used 6857K, committed 7040K, reserved 1048576K
}
Event: 3.353 GC heap after
{Heap after GC invocations=14 (full 0):
 garbage-first heap   total 83968K, used 27618K [0x0000000700000000, 0x0000000800000000)
  region size 2048K, 3 young (6144K), 3 survivors (6144K)
 Metaspace       used 51132K, committed 51584K, reserved 1097728K
  class space    used 6857K, committed 7040K, reserved 1048576K
}
Event: 31.800 GC heap before
{Heap before GC invocations=14 (full 0):
 garbage-first heap   total 83968K, used 60386K [0x0000000700000000, 0x0000000800000000)
  region size 2048K, 19 young (38912K), 3 survivors (6144K)
 Metaspace       used 56233K, committed 56704K, reserved 1105920K
  class space    used 7604K, committed 7808K, reserved 1048576K
}

